<?xml version="1.0" encoding="UTF-8" ?>
<testsuite tests="11" failures="7" name="TestSuite" time="11.608" errors="0" skipped="0">
  <properties>
    <property name="java.runtime.name" value="Java(TM) SE Runtime Environment"/>
    <property name="sun.boot.library.path" value="C:\Program Files\Java\jdk1.8.0_202\jre\bin"/>
    <property name="java.vm.version" value="25.202-b08"/>
    <property name="java.vm.vendor" value="Oracle Corporation"/>
    <property name="maven.multiModuleProjectDirectory" value="C:\SNAPIAutomation"/>
    <property name="java.vendor.url" value="http://java.oracle.com/"/>
    <property name="path.separator" value=";"/>
    <property name="guice.disable.misplaced.annotation.check" value="true"/>
    <property name="java.vm.name" value="Java HotSpot(TM) 64-Bit Server VM"/>
    <property name="file.encoding.pkg" value="sun.io"/>
    <property name="user.script" value=""/>
    <property name="user.country" value="US"/>
    <property name="sun.java.launcher" value="SUN_STANDARD"/>
    <property name="sun.os.patch.level" value=""/>
    <property name="java.vm.specification.name" value="Java Virtual Machine Specification"/>
    <property name="user.dir" value="C:\SNAPIAutomation"/>
    <property name="java.runtime.version" value="1.8.0_202-b08"/>
    <property name="java.awt.graphicsenv" value="sun.awt.Win32GraphicsEnvironment"/>
    <property name="java.endorsed.dirs" value="C:\Program Files\Java\jdk1.8.0_202\jre\lib\endorsed"/>
    <property name="os.arch" value="amd64"/>
    <property name="java.io.tmpdir" value="C:\Users\hl096f\AppData\Local\Temp\"/>
    <property name="line.separator" value="
"/>
    <property name="java.vm.specification.vendor" value="Oracle Corporation"/>
    <property name="user.variant" value=""/>
    <property name="os.name" value="Windows 10"/>
    <property name="classworlds.conf" value="C:\Users\hl096f\eclipse-workspace\.metadata\.plugins\org.eclipse.m2e.launching\launches\m2conf3024398519940509843.tmp"/>
    <property name="sun.jnu.encoding" value="Cp1252"/>
    <property name="java.library.path" value="C:\Program Files\Java\jdk1.8.0_202\bin;C:\WINDOWS\Sun\Java\bin;C:\WINDOWS\system32;C:\WINDOWS;C:/Users/hl096f/.p2/pool/plugins/org.eclipse.justj.openjdk.hotspot.jre.full.win32.x86_64_17.0.0.v20211012-1059/jre/bin/server;C:/Users/hl096f/.p2/pool/plugins/org.eclipse.justj.openjdk.hotspot.jre.full.win32.x86_64_17.0.0.v20211012-1059/jre/bin;C:\Program Files (x86)\Microsoft SDKs\Azure\CLI2\wbin;C:\Program Files (x86)\Common Files\Oracle\Java\javapath;C:\Program Files (x86)\RSA SecurID Token Common;C:\WINDOWS\system32;C:\WINDOWS;C:\WINDOWS\System32\Wbem;C:\WINDOWS\System32\WindowsPowerShell\v1.0\;C:\WINDOWS\System32\OpenSSH\;C:\Program Files\1E\Client\Extensibility\NomadBranch;C:\Program Files (x86)\Webex\Plugins;C:\Program Files\PuTTY\;C:\Program Files\Java\jdk1.8.0_202\bin;C:\Program Files\apache-maven-3.8.4\bin;;C:\Program Files (x86)\Java\jre1.8.0_311\bin;C:\Users\hl096f\AppData\Local\Microsoft\WindowsApps;;C:\WINDOWS\system32;;."/>
    <property name="java.specification.name" value="Java Platform API Specification"/>
    <property name="java.class.version" value="52.0"/>
    <property name="sun.management.compiler" value="HotSpot 64-Bit Tiered Compilers"/>
    <property name="os.version" value="10.0"/>
    <property name="user.home" value="C:\Users\hl096f"/>
    <property name="user.timezone" value="America/New_York"/>
    <property name="java.awt.printerjob" value="sun.awt.windows.WPrinterJob"/>
    <property name="java.specification.version" value="1.8"/>
    <property name="file.encoding" value="Cp1252"/>
    <property name="user.name" value="hl096f"/>
    <property name="java.class.path" value="C:\Users\hl096f\.p2\pool\plugins\org.eclipse.m2e.maven.runtime_1.18.0.20210618-2246\jars\plexus-classworlds-2.6.0.jar"/>
    <property name="java.vm.specification.version" value="1.8"/>
    <property name="sun.arch.data.model" value="64"/>
    <property name="java.home" value="C:\Program Files\Java\jdk1.8.0_202\jre"/>
    <property name="sun.java.command" value="org.codehaus.plexus.classworlds.launcher.Launcher -B install"/>
    <property name="java.specification.vendor" value="Oracle Corporation"/>
    <property name="user.language" value="en"/>
    <property name="awt.toolkit" value="sun.awt.windows.WToolkit"/>
    <property name="java.vm.info" value="mixed mode"/>
    <property name="java.version" value="1.8.0_202"/>
    <property name="java.ext.dirs" value="C:\Program Files\Java\jdk1.8.0_202\jre\lib\ext;C:\WINDOWS\Sun\Java\lib\ext"/>
    <property name="sun.boot.class.path" value="C:\Program Files\Java\jdk1.8.0_202\jre\lib\resources.jar;C:\Program Files\Java\jdk1.8.0_202\jre\lib\rt.jar;C:\Program Files\Java\jdk1.8.0_202\jre\lib\sunrsasign.jar;C:\Program Files\Java\jdk1.8.0_202\jre\lib\jsse.jar;C:\Program Files\Java\jdk1.8.0_202\jre\lib\jce.jar;C:\Program Files\Java\jdk1.8.0_202\jre\lib\charsets.jar;C:\Program Files\Java\jdk1.8.0_202\jre\lib\jfr.jar;C:\Program Files\Java\jdk1.8.0_202\jre\classes"/>
    <property name="java.vendor" value="Oracle Corporation"/>
    <property name="maven.home" value="C:\SNAPIAutomation\EMBEDDED"/>
    <property name="file.separator" value="\"/>
    <property name="java.vendor.url.bug" value="http://bugreport.sun.com/bugreport/"/>
    <property name="sun.cpu.endian" value="little"/>
    <property name="sun.io.unicode.encoding" value="UnicodeLittle"/>
    <property name="sun.desktop" value="windows"/>
    <property name="sun.cpu.isalist" value="amd64"/>
  </properties>
  <testcase classname="com.servicenow.SNAPIAutomation.TestClose" name="testRESTTicketClose_EM" time="3.448">
    <failure message="io.restassured.internal.path.xml.NodeChildrenImpl cannot be cast to java.lang.String" type="java.lang.ClassCastException">java.lang.ClassCastException: io.restassured.internal.path.xml.NodeChildrenImpl cannot be cast to java.lang.String
	at com.servicenow.SNAPIAutomation.TestClose.testRESTTicketClose_EM(TestClose.java:49)
</failure>
    <system-out>Configuring TestNG with: org.apache.maven.surefire.testng.conf.TestNG652Configurator@3aa9e816
500
0
</system-out>
    <system-err>log4j:WARN No appenders could be found for logger (org.apache.http.impl.conn.BasicClientConnectionManager).
log4j:WARN Please initialize the log4j system properly.
log4j:WARN See http://logging.apache.org/log4j/1.2/faq.html#noconfig for more info.
</system-err>
  </testcase>
  <testcase classname="com.servicenow.SNAPIAutomation.TestClose" name="testRESTTicketClose_ET" time="0.903">
    <failure message="io.restassured.internal.path.xml.NodeChildrenImpl cannot be cast to java.lang.String" type="java.lang.ClassCastException">java.lang.ClassCastException: io.restassured.internal.path.xml.NodeChildrenImpl cannot be cast to java.lang.String
	at com.servicenow.SNAPIAutomation.TestClose.testRESTTicketClose_ET(TestClose.java:28)
</failure>
    <system-out>500
0
</system-out>
  </testcase>
  <testcase classname="com.servicenow.SNAPIAutomation.TestCreate" name="testRESTTicketCreate_EM" time="0.004">
    <failure message="expected [true] but found [false]" type="java.lang.AssertionError">java.lang.AssertionError: expected [true] but found [false]
	at org.testng.Assert.fail(Assert.java:99)
	at org.testng.Assert.failNotEquals(Assert.java:1037)
	at org.testng.Assert.assertEqualsImpl(Assert.java:140)
	at org.testng.Assert.assertEquals(Assert.java:122)
	at org.testng.Assert.assertEquals(Assert.java:819)
	at org.testng.Assert.assertEquals(Assert.java:829)
	at com.servicenow.SNAPIAutomation.TestCreate.testRESTTicketCreate_EM(TestCreate.java:20)
</failure>
  </testcase>
  <testcase classname="com.servicenow.SNAPIAutomation.TestCreate" name="testRESTTicketCreate_ET" time="2.16"/>
  <testcase classname="com.servicenow.SNAPIAutomation.TestExcel" name="testRESTTicketCreate_EM" time="1.09"/>
  <testcase classname="com.servicenow.SNAPIAutomation.TestExcel" name="testRESTTicketGet_ET" time="0.373">
    <failure message="expected [1] but found [0]" type="java.lang.AssertionError">java.lang.AssertionError: expected [1] but found [0]
	at org.testng.Assert.fail(Assert.java:99)
	at org.testng.Assert.failNotEquals(Assert.java:1037)
	at org.testng.Assert.assertEqualsImpl(Assert.java:140)
	at org.testng.Assert.assertEquals(Assert.java:122)
	at org.testng.Assert.assertEquals(Assert.java:907)
	at org.testng.Assert.assertEquals(Assert.java:917)
	at com.servicenow.SNAPIAutomation.TestExcel.testRESTTicketGet_ET(TestExcel.java:103)
</failure>
    <system-out>500
0
</system-out>
  </testcase>
  <testcase classname="com.servicenow.SNAPIAutomation.TestGet" name="testRESTTicketGet_ET" time="0.381">
    <failure message="expected [1] but found [0]" type="java.lang.AssertionError">java.lang.AssertionError: expected [1] but found [0]
	at org.testng.Assert.fail(Assert.java:99)
	at org.testng.Assert.failNotEquals(Assert.java:1037)
	at org.testng.Assert.assertEqualsImpl(Assert.java:140)
	at org.testng.Assert.assertEquals(Assert.java:122)
	at org.testng.Assert.assertEquals(Assert.java:907)
	at org.testng.Assert.assertEquals(Assert.java:917)
	at com.servicenow.SNAPIAutomation.TestGet.testRESTTicketGet_ET(TestGet.java:28)
</failure>
    <system-out>500
0
</system-out>
  </testcase>
  <testcase classname="com.servicenow.SNAPIAutomation.TestSoapApi" name="testTickRESTetCreate_ET" time="1.891"/>
  <testcase classname="com.servicenow.SNAPIAutomation.TestUpdate" name="testRESTTicketUpdate_EM" time="0.529">
    <failure message="io.restassured.internal.path.xml.NodeChildrenImpl cannot be cast to java.lang.String" type="java.lang.ClassCastException">java.lang.ClassCastException: io.restassured.internal.path.xml.NodeChildrenImpl cannot be cast to java.lang.String
	at com.servicenow.SNAPIAutomation.TestUpdate.testRESTTicketUpdate_EM(TestUpdate.java:47)
</failure>
    <system-out>&lt;soap:Envelope xmlns:soap=&quot;http://schemas.xmlsoap.org/soap/envelope/&quot;&gt;&lt;soap:Body&gt;&lt;soap:Fault&gt;&lt;faultcode&gt;soap:Server&lt;/faultcode&gt;&lt;faultstring&gt;Requested Ticket Not Found&lt;/faultstring&gt;&lt;detail&gt;&lt;WSException xmlns=&quot;http://cio.att.com/commonheader/v3&quot; xmlns:ns2=&quot;http://tktsvc.aots.att.com/ticket&quot; xmlns:ns3=&quot;http://aots.att.com/ticket/v1&quot;&gt;&lt;Message&gt;Requested Ticket Not Found&lt;/Message&gt;&lt;ErrorCode&gt;1101&lt;/ErrorCode&gt;&lt;FailoverRequired&gt;false&lt;/FailoverRequired&gt;&lt;RetryRequired&gt;false&lt;/RetryRequired&gt;&lt;WSNameValue&gt;&lt;Name&gt;RequestID&lt;/Name&gt;&lt;Value&gt;049465628774&lt;/Value&gt;&lt;/WSNameValue&gt;&lt;/WSException&gt;&lt;/detail&gt;&lt;/soap:Fault&gt;&lt;/soap:Body&gt;&lt;/soap:Envelope&gt;
500
0
</system-out>
  </testcase>
  <testcase classname="com.servicenow.SNAPIAutomation.TestUpdate" name="testRESTTicketUpdate_ET" time="0.576">
    <failure message="io.restassured.internal.path.xml.NodeChildrenImpl cannot be cast to java.lang.String" type="java.lang.ClassCastException">java.lang.ClassCastException: io.restassured.internal.path.xml.NodeChildrenImpl cannot be cast to java.lang.String
	at com.servicenow.SNAPIAutomation.TestUpdate.testRESTTicketUpdate_ET(TestUpdate.java:27)
</failure>
    <system-out>&lt;soap:Envelope xmlns:soap=&quot;http://schemas.xmlsoap.org/soap/envelope/&quot;&gt;&lt;soap:Body&gt;&lt;soap:Fault&gt;&lt;faultcode&gt;soap:Server&lt;/faultcode&gt;&lt;faultstring&gt;Requested Ticket Not Found&lt;/faultstring&gt;&lt;detail&gt;&lt;WSException xmlns=&quot;http://cio.att.com/commonheader/v3&quot; xmlns:ns2=&quot;http://tktsvc.aots.att.com/ticket&quot; xmlns:ns3=&quot;http://aots.att.com/ticket/v1&quot;&gt;&lt;Message&gt;Requested Ticket Not Found&lt;/Message&gt;&lt;ErrorCode&gt;1101&lt;/ErrorCode&gt;&lt;FailoverRequired&gt;false&lt;/FailoverRequired&gt;&lt;RetryRequired&gt;false&lt;/RetryRequired&gt;&lt;WSNameValue&gt;&lt;Name&gt;RequestID&lt;/Name&gt;&lt;Value&gt;0c946d2a1b70&lt;/Value&gt;&lt;/WSNameValue&gt;&lt;/WSException&gt;&lt;/detail&gt;&lt;/soap:Fault&gt;&lt;/soap:Body&gt;&lt;/soap:Envelope&gt;
500
0
</system-out>
  </testcase>
  <testcase classname="utilities.TestAPI" name="test2" time="0.253"/>
</testsuite>