<?xml version="1.0" encoding="UTF-8"?>
<!-- Generated by org.testng.reporters.JUnitReportReporter -->
<testsuite skipped="1" hostname="NJCDTL01MC9844" name="com.servicenow.SNAPIAutomation.TestSoapApi" tests="2" failures="0" timestamp="2022-01-14T16:17:06 EST" time="0.194" errors="0">
  <testcase name="json_create_request" time="0.194" classname="com.servicenow.SNAPIAutomation.TestSoapApi"/>
  <system-out/>
  <testcase name="testSOAPTicketCreate" classname="com.servicenow.SNAPIAutomation.TestSoapApi">
    <skipped/>
  </testcase> <!-- testSOAPTicketCreate -->
  <system-out/>
</testsuite> <!-- com.servicenow.SNAPIAutomation.TestSoapApi -->
