<?xml version="1.0" encoding="UTF-8"?>
<!-- Generated by org.testng.reporters.JUnitReportReporter -->
<testsuite skipped="0" hostname="NJCDTL01HL096F" name="com.servicenow.SNAPIAutomation.TestCreate" tests="1" failures="0" timestamp="2022-01-12T12:16:35 EST" time="29.927" errors="0">
  <testcase name="testRESTTicketCreate_EM" time="29.927" classname="com.servicenow.SNAPIAutomation.TestCreate"/>
  <system-out/>
</testsuite> <!-- com.servicenow.SNAPIAutomation.TestCreate -->
