<?xml version="1.0" encoding="UTF-8"?>
<!-- Generated by org.testng.reporters.JUnitReportReporter -->
<testsuite skipped="0" hostname="NJCDTL01HL096F" name="com.servicenow.SNAPIAutomation.AotsTm" tests="1" failures="0" timestamp="2022-01-12T12:17:11 EST" time="6.715" errors="0">
  <testcase name="Create_RTR" time="6.715" classname="com.servicenow.SNAPIAutomation.AotsTm"/>
  <system-out/>
</testsuite> <!-- com.servicenow.SNAPIAutomation.AotsTm -->
