<?xml version="1.0" encoding="UTF-8"?>
<!-- Generated by org.testng.reporters.JUnitReportReporter -->
<testsuite skipped="1" hostname="NJCDTL01HL096F" name="com.servicenow.SNAPIAutomation.TestSoapApi" tests="2" failures="0" timestamp="2022-01-12T12:14:19 EST" time="34.746" errors="0">
  <testcase name="testSOAPTicketCreate_EM" time="34.746" classname="com.servicenow.SNAPIAutomation.TestSoapApi"/>
  <system-out/>
  <testcase name="testSOAPTicketCreate" classname="com.servicenow.SNAPIAutomation.TestSoapApi">
    <skipped/>
  </testcase> <!-- testSOAPTicketCreate -->
  <system-out/>
</testsuite> <!-- com.servicenow.SNAPIAutomation.TestSoapApi -->
