<?xml version="1.0" encoding="UTF-8"?>
<!-- Generated by org.testng.reporters.JUnitReportReporter -->
<testsuite skipped="0" hostname="ATTAPyHLYWfrCQs" name="com.servicenow.SNAPIAutomation.RouterScenarios" tests="1" failures="0" timestamp="2021-12-08T09:42:59 EST" time="4.646" errors="0">
  <testcase name="createRouterTicket" time="4.646" classname="com.servicenow.SNAPIAutomation.RouterScenarios"/>
  <system-out/>
</testsuite> <!-- com.servicenow.SNAPIAutomation.RouterScenarios -->
