<?xml version="1.0" encoding="UTF-8"?>
<!-- Generated by org.testng.reporters.JUnitReportReporter -->
<testsuite skipped="0" hostname="NJCDTL01HL096F" name="com.servicenow.SNAPIAutomation.TNTicketE2EFlow" tests="16" failures="0" timestamp="2022-01-14T11:00:47 EST" time="20.708" errors="0">
  <testcase name="createCasephoneNum" time="3.709" classname="com.servicenow.SNAPIAutomation.TNTicketE2EFlow"/>
  <system-out/>
  <testcase name="createCasephoneNum" time="1.202" classname="com.servicenow.SNAPIAutomation.TNTicketE2EFlow"/>
  <system-out/>
  <testcase name="logUpdate" time="1.238" classname="com.servicenow.SNAPIAutomation.TNTicketE2EFlow"/>
  <system-out/>
  <testcase name="createCasephoneNum" time="1.044" classname="com.servicenow.SNAPIAutomation.TNTicketE2EFlow"/>
  <system-out/>
  <testcase name="caseEscalation" time="1.633" classname="com.servicenow.SNAPIAutomation.TNTicketE2EFlow"/>
  <system-out/>
  <testcase name="logUpdate" time="0.831" classname="com.servicenow.SNAPIAutomation.TNTicketE2EFlow"/>
  <system-out/>
  <testcase name="caseClosure" time="0.800" classname="com.servicenow.SNAPIAutomation.TNTicketE2EFlow"/>
  <system-out/>
  <testcase name="caseEscalation" time="1.067" classname="com.servicenow.SNAPIAutomation.TNTicketE2EFlow"/>
  <system-out/>
  <testcase name="caseEscalation" time="1.422" classname="com.servicenow.SNAPIAutomation.TNTicketE2EFlow"/>
  <system-out/>
  <testcase name="caseClosure" time="0.823" classname="com.servicenow.SNAPIAutomation.TNTicketE2EFlow"/>
  <system-out/>
  <testcase name="caseEscalation" time="2.522" classname="com.servicenow.SNAPIAutomation.TNTicketE2EFlow"/>
  <system-out/>
  <testcase name="caseClosure" time="0.637" classname="com.servicenow.SNAPIAutomation.TNTicketE2EFlow"/>
  <system-out/>
  <testcase name="logUpdate" time="0.870" classname="com.servicenow.SNAPIAutomation.TNTicketE2EFlow"/>
  <system-out/>
  <testcase name="logUpdate" time="0.991" classname="com.servicenow.SNAPIAutomation.TNTicketE2EFlow"/>
  <system-out/>
  <testcase name="createCasephoneNum" time="1.011" classname="com.servicenow.SNAPIAutomation.TNTicketE2EFlow"/>
  <system-out/>
  <testcase name="caseClosure" time="0.908" classname="com.servicenow.SNAPIAutomation.TNTicketE2EFlow"/>
  <system-out/>
</testsuite> <!-- com.servicenow.SNAPIAutomation.TNTicketE2EFlow -->
