<?xml version="1.0" encoding="UTF-8"?>
<!-- Generated by org.testng.reporters.JUnitReportReporter -->
<testsuite skipped="0" hostname="NJCDTL01HL096F" name="com.servicenow.SNAPIAutomation.EM_CloseTN_Nowia" tests="1" failures="0" timestamp="2021-12-06T13:34:31 EST" time="3.564" errors="0">
  <testcase name="testRESTTicketClose_EM_TN" time="3.564" classname="com.servicenow.SNAPIAutomation.EM_CloseTN_Nowia"/>
  <system-out/>
</testsuite> <!-- com.servicenow.SNAPIAutomation.EM_CloseTN_Nowia -->
