<?xml version="1.0" encoding="UTF-8"?>
<!-- Generated by org.testng.reporters.JUnitReportReporter -->
<testsuite skipped="0" hostname="NJCDTL01HL096F" name="com.servicenow.SNAPIAutomation.EM_EDF_NonProd_Req" tests="1" failures="0" timestamp="2021-12-03T13:49:30 EST" time="5.084" errors="0">
  <testcase name="testEDF_TN_Request" time="5.084" classname="com.servicenow.SNAPIAutomation.EM_EDF_NonProd_Req"/>
  <system-out/>
</testsuite> <!-- com.servicenow.SNAPIAutomation.EM_EDF_NonProd_Req -->
