<?xml version="1.0" encoding="UTF-8"?>
<!-- Generated by org.testng.reporters.JUnitReportReporter -->
<testsuite skipped="0" hostname="NJCDTL01HL096F" name="com.servicenow.SNAPIAutomation.TestUpdate" tests="1" failures="0" timestamp="2021-11-28T16:03:16 EST" time="3.252" errors="0">
  <testcase name="testRESTTicketUpdate_EM" time="3.252" classname="com.servicenow.SNAPIAutomation.TestUpdate"/>
  <system-out/>
</testsuite> <!-- com.servicenow.SNAPIAutomation.TestUpdate -->
