<?xml version="1.0" encoding="UTF-8"?>
<!-- Generated by org.testng.reporters.JUnitReportReporter -->
<testsuite skipped="0" hostname="NJCDTL01HL096F" name="com.servicenow.SNAPIAutomation.AotsTm" tests="1" failures="0" timestamp="2022-01-06T00:32:15 EST" time="3.416" errors="0">
  <testcase name="testClose_AOTSTM_RTR" time="3.416" classname="com.servicenow.SNAPIAutomation.AotsTm"/>
  <system-out/>
</testsuite> <!-- com.servicenow.SNAPIAutomation.AotsTm -->
