<?xml version="1.0" encoding="UTF-8"?>
<!-- Generated by org.testng.reporters.JUnitReportReporter -->
<testsuite skipped="0" hostname="NJCDTL01DR201U" name="com.servicenow.SNAPIAutomation.TNTicketE2EFlow" tests="16" failures="0" timestamp="2021-12-13T15:05:43 EST" time="25.426" errors="0">
  <testcase name="caseEscalation" time="0.782" classname="com.servicenow.SNAPIAutomation.TNTicketE2EFlow"/>
  <system-out/>
  <testcase name="createCasephoneNum" time="4.208" classname="com.servicenow.SNAPIAutomation.TNTicketE2EFlow"/>
  <system-out/>
  <testcase name="caseEscalation" time="1.263" classname="com.servicenow.SNAPIAutomation.TNTicketE2EFlow"/>
  <system-out/>
  <testcase name="createCasephoneNum" time="0.595" classname="com.servicenow.SNAPIAutomation.TNTicketE2EFlow"/>
  <system-out/>
  <testcase name="logUpdate" time="1.304" classname="com.servicenow.SNAPIAutomation.TNTicketE2EFlow"/>
  <system-out/>
  <testcase name="caseEscalation" time="3.002" classname="com.servicenow.SNAPIAutomation.TNTicketE2EFlow"/>
  <system-out/>
  <testcase name="createCasephoneNum" time="1.525" classname="com.servicenow.SNAPIAutomation.TNTicketE2EFlow"/>
  <system-out/>
  <testcase name="caseClosure" time="0.548" classname="com.servicenow.SNAPIAutomation.TNTicketE2EFlow"/>
  <system-out/>
  <testcase name="caseEscalation" time="2.926" classname="com.servicenow.SNAPIAutomation.TNTicketE2EFlow"/>
  <system-out/>
  <testcase name="createCasephoneNum" time="0.585" classname="com.servicenow.SNAPIAutomation.TNTicketE2EFlow"/>
  <system-out/>
  <testcase name="caseClosure" time="2.096" classname="com.servicenow.SNAPIAutomation.TNTicketE2EFlow"/>
  <system-out/>
  <testcase name="logUpdate" time="2.676" classname="com.servicenow.SNAPIAutomation.TNTicketE2EFlow"/>
  <system-out/>
  <testcase name="logUpdate" time="1.325" classname="com.servicenow.SNAPIAutomation.TNTicketE2EFlow"/>
  <system-out/>
  <testcase name="logUpdate" time="0.675" classname="com.servicenow.SNAPIAutomation.TNTicketE2EFlow"/>
  <system-out/>
  <testcase name="caseClosure" time="1.357" classname="com.servicenow.SNAPIAutomation.TNTicketE2EFlow"/>
  <system-out/>
  <testcase name="caseClosure" time="0.559" classname="com.servicenow.SNAPIAutomation.TNTicketE2EFlow"/>
  <system-out/>
</testsuite> <!-- com.servicenow.SNAPIAutomation.TNTicketE2EFlow -->
