<?xml version="1.0" encoding="UTF-8"?>
<!-- Generated by org.testng.reporters.JUnitReportReporter -->
<testsuite skipped="0" hostname="ATTAPyHLYWfrCQs" name="com.servicenow.SNAPIAutomation.EMCreateTicket" tests="1" failures="0" timestamp="2021-11-30T21:59:37 EST" time="5.594" errors="0">
  <testcase name="createEMT" time="5.594" classname="com.servicenow.SNAPIAutomation.EMCreateTicket"/>
  <system-out/>
</testsuite> <!-- com.servicenow.SNAPIAutomation.EMCreateTicket -->
