<?xml version="1.0" encoding="UTF-8"?>
<!-- Generated by org.testng.reporters.JUnitReportReporter -->
<testsuite skipped="0" hostname="ATTAPyHLYWfrCQs" name="com.servicenow.SNAPIAutomation.CreateTicket" tests="6" failures="0" timestamp="2021-12-08T09:20:57 EST" time="21.723" errors="0">
  <testcase name="getETTicketPostClose" time="0.390" classname="com.servicenow.SNAPIAutomation.CreateTicket"/>
  <system-out/>
  <testcase name="updateETTicket" time="4.053" classname="com.servicenow.SNAPIAutomation.CreateTicket"/>
  <system-out/>
  <testcase name="closeETTicket" time="8.090" classname="com.servicenow.SNAPIAutomation.CreateTicket"/>
  <system-out/>
  <testcase name="getETTicketPostCreate" time="0.484" classname="com.servicenow.SNAPIAutomation.CreateTicket"/>
  <system-out/>
  <testcase name="createEMTicket" time="2.667" classname="com.servicenow.SNAPIAutomation.CreateTicket"/>
  <system-out/>
  <testcase name="createETTicket" time="6.039" classname="com.servicenow.SNAPIAutomation.CreateTicket"/>
  <system-out/>
</testsuite> <!-- com.servicenow.SNAPIAutomation.CreateTicket -->
