<?xml version="1.0" encoding="UTF-8"?>
<!-- Generated by org.testng.reporters.JUnitReportReporter -->
<testsuite skipped="0" hostname="NJCDTL01HL096F" name="com.servicenow.SNAPIAutomation.EM_GetTN_Nowia" tests="1" failures="0" timestamp="2021-12-02T14:16:09 EST" time="5.262" errors="0">
  <testcase name="testRESTTicketGet_EM_TN" time="5.262" classname="com.servicenow.SNAPIAutomation.EM_GetTN_Nowia"/>
  <system-out/>
</testsuite> <!-- com.servicenow.SNAPIAutomation.EM_GetTN_Nowia -->
