<?xml version="1.0" encoding="UTF-8"?>
<!-- Generated by org.testng.reporters.JUnitReportReporter -->
<testsuite skipped="0" hostname="NJCDTL01HL096F" name="com.servicenow.SNAPIAutomation.EM_TN_CaseEscalation_Nowia" tests="1" failures="0" timestamp="2021-12-01T17:01:27 EST" time="6.336" errors="0">
  <testcase name="testRESTTicketCase_EM_TN" time="6.336" classname="com.servicenow.SNAPIAutomation.EM_TN_CaseEscalation_Nowia"/>
  <system-out/>
</testsuite> <!-- com.servicenow.SNAPIAutomation.EM_TN_CaseEscalation_Nowia -->
