<?xml version="1.0" encoding="UTF-8"?>
<!-- Generated by org.testng.reporters.JUnitReportReporter -->
<testsuite skipped="0" hostname="NJCDTL01HL096F" name="com.servicenow.SNAPIAutomation.RouterScenariosEM_ATTNOW" tests="1" failures="0" timestamp="2022-01-12T12:17:46 EST" time="6.520" errors="0">
  <testcase name="createRouterTicket" time="6.520" classname="com.servicenow.SNAPIAutomation.RouterScenariosEM_ATTNOW"/>
  <system-out/>
</testsuite> <!-- com.servicenow.SNAPIAutomation.RouterScenariosEM_ATTNOW -->
