<?xml version="1.0" encoding="UTF-8"?>
<!-- Generated by org.testng.reporters.JUnitReportReporter -->
<testsuite skipped="0" hostname="ATTAPyHLYWfrCQs" name="com.servicenow.SNAPIAutomation.RouterScenariosEM_ATTNOW" tests="4" failures="0" timestamp="2021-12-09T12:14:20 EST" time="12.302" errors="0">
  <testcase name="logUpdateRTR" time="3.637" classname="com.servicenow.SNAPIAutomation.RouterScenariosEM_ATTNOW"/>
  <system-out/>
  <testcase name="closeReqRTR" time="2.031" classname="com.servicenow.SNAPIAutomation.RouterScenariosEM_ATTNOW"/>
  <system-out/>
  <testcase name="escalationReqRTR" time="0.961" classname="com.servicenow.SNAPIAutomation.RouterScenariosEM_ATTNOW"/>
  <system-out/>
  <testcase name="createRouterTicket" time="5.673" classname="com.servicenow.SNAPIAutomation.RouterScenariosEM_ATTNOW"/>
  <system-out/>
</testsuite> <!-- com.servicenow.SNAPIAutomation.RouterScenariosEM_ATTNOW -->
