<?xml version="1.0" encoding="UTF-8"?>
<!-- Generated by org.testng.reporters.JUnitReportReporter -->
<testsuite skipped="0" hostname="NJCDTL01HL096F" name="com.servicenow.SNAPIAutomation.RouterScenariosEM_ATTNOW" tests="4" failures="0" timestamp="2022-01-14T12:53:16 EST" time="7.424" errors="0">
  <testcase name="createRouterTicket" time="4.165" classname="com.servicenow.SNAPIAutomation.RouterScenariosEM_ATTNOW"/>
  <system-out/>
  <testcase name="logUpdateRTR" time="1.531" classname="com.servicenow.SNAPIAutomation.RouterScenariosEM_ATTNOW"/>
  <system-out/>
  <testcase name="escalationReqRTR" time="0.800" classname="com.servicenow.SNAPIAutomation.RouterScenariosEM_ATTNOW"/>
  <system-out/>
  <testcase name="closeReqRTR" time="0.928" classname="com.servicenow.SNAPIAutomation.RouterScenariosEM_ATTNOW"/>
  <system-out/>
</testsuite> <!-- com.servicenow.SNAPIAutomation.RouterScenariosEM_ATTNOW -->
