<?xml version="1.0" encoding="UTF-8"?>
<!-- Generated by org.testng.reporters.JUnitReportReporter -->
<testsuite skipped="1" hostname="ATTAPyHLYWfrCQs" name="com.servicenow.SNAPIAutomation.TestSoapApi" tests="3" failures="0" timestamp="2021-11-29T16:08:40 EST" time="12.252" errors="0">
  <testcase name="testSOAPTicketCreate_EM" time="6.594" classname="com.servicenow.SNAPIAutomation.TestSoapApi"/>
  <system-out/>
  <testcase name="testSOAPTicketCreate_ET" time="5.658" classname="com.servicenow.SNAPIAutomation.TestSoapApi"/>
  <system-out/>
  <testcase name="testSOAPTicketCreate" classname="com.servicenow.SNAPIAutomation.TestSoapApi">
    <skipped/>
  </testcase> <!-- testSOAPTicketCreate -->
  <system-out/>
</testsuite> <!-- com.servicenow.SNAPIAutomation.TestSoapApi -->
