<?xml version="1.0" encoding="UTF-8"?>
<!-- Generated by org.testng.reporters.JUnitReportReporter -->
<testsuite skipped="0" hostname="NJCDTL01HL096F" name="com.servicenow.SNAPIAutomation.TestExcel" tests="1" failures="0" timestamp="2021-12-20T09:45:22 EST" time="4.360" errors="0">
  <testcase name="testRESTTicketCreate_EM" time="4.360" classname="com.servicenow.SNAPIAutomation.TestExcel"/>
  <system-out/>
</testsuite> <!-- com.servicenow.SNAPIAutomation.TestExcel -->
