<?xml version="1.0" encoding="UTF-8"?>
<!-- Generated by org.testng.reporters.JUnitReportReporter -->
<testsuite skipped="0" hostname="NJCDTL01HL096F" name="com.servicenow.SNAPIAutomation.EM_AddLogsTN_Nowia" tests="1" failures="0" timestamp="2021-12-01T16:58:31 EST" time="3.813" errors="0">
  <testcase name="testRESTTicketUpdate_EM_TN" time="3.813" classname="com.servicenow.SNAPIAutomation.EM_AddLogsTN_Nowia"/>
  <system-out/>
</testsuite> <!-- com.servicenow.SNAPIAutomation.EM_AddLogsTN_Nowia -->
