<?xml version="1.0" encoding="UTF-8"?>
<!-- Generated by org.testng.reporters.JUnitReportReporter -->
<testsuite skipped="0" hostname="ATTAPyHLYWfrCQs" name="com.servicenow.SNAPIAutomation.TestData" tests="1" failures="0" timestamp="2021-12-13T09:26:19 EST" time="1.115" errors="0">
  <testcase name="caseClosure" time="1.115" classname="com.servicenow.SNAPIAutomation.TestData"/>
  <system-out/>
</testsuite> <!-- com.servicenow.SNAPIAutomation.TestData -->
