<?xml version="1.0" encoding="UTF-8"?>
<!-- Generated by org.testng.reporters.JUnitReportReporter -->
<testsuite skipped="0" hostname="NJCDTL01HL096F" name="com.servicenow.SNAPIAutomation.TestClose" tests="1" failures="0" timestamp="2021-12-08T15:35:14 EST" time="3.534" errors="0">
  <testcase name="testRESTTicketClose_ET" time="3.534" classname="com.servicenow.SNAPIAutomation.TestClose"/>
  <system-out/>
</testsuite> <!-- com.servicenow.SNAPIAutomation.TestClose -->
