<?xml version="1.0" encoding="UTF-8"?>
<!-- Generated by org.testng.reporters.JUnitReportReporter -->
<testsuite skipped="0" hostname="NJCDTL01HL096F" name="utilities.TestAPI" tests="1" failures="0" timestamp="2022-01-04T23:14:21 EST" time="0.253" errors="0">
  <testcase name="test2" time="0.253" classname="utilities.TestAPI"/>
  <system-out/>
</testsuite> <!-- utilities.TestAPI -->
