<?xml version="1.0" encoding="UTF-8"?>
<!-- Generated by org.testng.reporters.JUnitReportReporter -->
<testsuite skipped="1" hostname="ATTAPyHLYWfrCQs" name="com.servicenow.SNAPIAutomation.TestSoapApi" tests="3" failures="0" timestamp="29 Nov 2021 21:05:58 GMT" time="15.475" errors="0">
  <testcase name="testSOAPTicketCreate_ET" time="7.633" classname="com.servicenow.SNAPIAutomation.TestSoapApi"/>
  <testcase name="testSOAPTicketCreate_EM" time="7.842" classname="com.servicenow.SNAPIAutomation.TestSoapApi"/>
  <testcase name="testSOAPTicketCreate" classname="com.servicenow.SNAPIAutomation.TestSoapApi">
    <skipped/>
  </testcase> <!-- testSOAPTicketCreate -->
</testsuite> <!-- com.servicenow.SNAPIAutomation.TestSoapApi -->
