<?xml version="1.0" encoding="UTF-8"?>
<!-- Generated by org.testng.reporters.JUnitReportReporter -->
<testsuite skipped="2" hostname="NJCDTL01HL096F" name="com.servicenow.SNAPIAutomation.TestSoapApi" tests="3" failures="0" timestamp="2022-01-04T23:14:21 EST" time="1.892" errors="0">
  <testcase name="testTickRESTetCreate_ET" time="1.892" classname="com.servicenow.SNAPIAutomation.TestSoapApi"/>
  <system-out/>
  <testcase name="testSOAPTicketCreate" classname="com.servicenow.SNAPIAutomation.TestSoapApi">
    <skipped/>
  </testcase> <!-- testSOAPTicketCreate -->
  <system-out/>
  <testcase name="testRESTTicketCreate_EM" classname="com.servicenow.SNAPIAutomation.TestSoapApi">
    <skipped/>
  </testcase> <!-- testRESTTicketCreate_EM -->
  <system-out/>
</testsuite> <!-- com.servicenow.SNAPIAutomation.TestSoapApi -->
